1
 ESATAN-TMS  2024                                                      Page     1
 23 September 2025  09:01:20                                 BARRA_NO_DISSIPATION





  TIMEN =      0.00      MODULE SOLVFM      LOOPCT =     3
 ENBALA = 8.185E-12      ENBALR = 5.E-14


 TABLE OUTPUT WITH ZENTS = 'FX,T,QI'
 FOR NODES OF ZLABEL = ' '

 ================================================================================


+BARRA_NO_DISSIPATION                                                            


          NODE          FX            T             QI                          

            1          0.03          2.50          0.00
            2          0.07          7.50          0.00
            3          0.12         12.50          0.00
            4          0.17         17.50          0.00
            5          0.23         22.50          0.00
            6          0.28         27.50          0.00
            7          0.33         32.50          0.00
            8          0.38         37.50          0.00
            9          0.42         42.50          0.00
           10          0.47         47.50          0.00
           11          0.53         52.50          0.00
           12          0.57         57.50          0.00
           13          0.62         62.50          0.00
           14          0.68         67.50          0.00
           15          0.72         72.50          0.00
           16          0.78         77.50          0.00
           17          0.82         82.50          0.00
           18          0.88         87.50          0.00
           19          0.93         92.50          0.00
           20          0.97         97.50          0.00
          100          0.00          0.00          0.00
          200          1.00        100.00          0.00
 X      99998          0.00          0.00          0.00
        99999          0.00       -270.00          0.00

