1
 ESATAN-TMS  2024                                                      Page     1
 23 September 2025  09:06:15                               BARRA_DISSIPATION_CASE





  TIMEN =      0.00      MODULE SOLVFM      LOOPCT =     4
 ENBALA = 6.366E-12      ENBALR = 6.E-15


 TABLE OUTPUT WITH ZENTS = 'FX,T,QI'
 FOR NODES OF ZLABEL = ' '

 ================================================================================


+BARRA_DISSIPATION_CASE                                                          


          NODE          FX            T             QI                          

            1          0.05         18.89        100.00
            2          0.15         51.11        100.00
            3          0.25         77.78        100.00
            4          0.35         98.89        100.00
            5          0.45        114.45        100.00
            6          0.55        124.45        100.00
            7          0.65        128.89        100.00
            8          0.75        127.78        100.00
            9          0.85        121.11        100.00
           10          0.95        108.89        100.00
          100          0.00          0.00          0.00
          200          1.00        100.00          0.00
 X      99998          0.00          0.00          0.00
        99999          0.00       -270.00          0.00

