1
 ESATAN-TMS  2024                                                      Page     1
 23 September 2025  09:04:50                                 BARRA_NO_DISSIPATION





  TIMEN =      0.00      MODULE SOLVFM      LOOPCT =     3
 ENBALA = 4.093E-12      ENBALR = 2.E-14


 TABLE OUTPUT WITH ZENTS = 'FX,T,QI'
 FOR NODES OF ZLABEL = ' '

 ================================================================================


+BARRA_NO_DISSIPATION                                                            


          NODE          FX            T             QI                          

            1          0.05          5.00          0.00
            2          0.15         15.00          0.00
            3          0.25         25.00          0.00
            4          0.35         35.00          0.00
            5          0.45         45.00          0.00
            6          0.55         55.00          0.00
            7          0.65         65.00          0.00
            8          0.75         75.00          0.00
            9          0.85         85.00          0.00
           10          0.95         95.00          0.00
          100          0.00          0.00          0.00
          200          1.00        100.00          0.00
 X      99998          0.00          0.00          0.00
        99999          0.00       -270.00          0.00

