1
 ESATAN-TMS  2024                                                      Page     1
 23 September 2025  08:58:55                               BARRA_DISSIPATION_CASE





  TIMEN =      0.00      MODULE SOLVFM      LOOPCT =     4
 ENBALA = 1.046E-11      ENBALR = 1.E-14


 TABLE OUTPUT WITH ZENTS = 'FX,T,QI'
 FOR NODES OF ZLABEL = ' '

 ================================================================================


+BARRA_DISSIPATION_CASE                                                          


          NODE          FX            T             QI                          

            1          0.03          9.44         50.00
            2          0.07         26.95         50.00
            3          0.12         43.06         50.00
            4          0.17         57.78         50.00
            5          0.23         71.12         50.00
            6          0.28         83.06         50.00
            7          0.33         93.62         50.00
            8          0.38        102.79         50.00
            9          0.42        110.57         50.00
           10          0.47        116.96         50.00
           11          0.53        121.96         50.00
           12          0.57        125.57         50.00
           13          0.62        127.79         50.00
           14          0.68        128.62         50.00
           15          0.72        128.06         50.00
           16          0.78        126.12         50.00
           17          0.82        122.78         50.00
           18          0.88        118.06         50.00
           19          0.93        111.95         50.00
           20          0.97        104.44         50.00
          100          0.00          0.00          0.00
          200          1.00        100.00          0.00
 X      99998          0.00          0.00          0.00
        99999          0.00       -270.00          0.00

